c:\users\olivi\onedrive\desktop\faculta\an3\pg\proiect\openglproj\openglproj\x64\release\vc142.pdb
c:\users\olivi\onedrive\desktop\faculta\an3\pg\proiect\openglproj\openglproj\x64\release\tiny_obj_loader.obj
c:\users\olivi\onedrive\desktop\faculta\an3\pg\proiect\openglproj\openglproj\x64\release\stdafx.obj
c:\users\olivi\onedrive\desktop\faculta\an3\pg\proiect\openglproj\openglproj\x64\release\stb_image.obj
c:\users\olivi\onedrive\desktop\faculta\an3\pg\proiect\openglproj\openglproj\x64\release\source.obj
c:\users\olivi\onedrive\desktop\faculta\an3\pg\proiect\openglproj\openglproj\x64\release\skybox.obj
c:\users\olivi\onedrive\desktop\faculta\an3\pg\proiect\openglproj\openglproj\x64\release\shader.obj
c:\users\olivi\onedrive\desktop\faculta\an3\pg\proiect\openglproj\openglproj\x64\release\model3d.obj
c:\users\olivi\onedrive\desktop\faculta\an3\pg\proiect\openglproj\openglproj\x64\release\mesh.obj
c:\users\olivi\onedrive\desktop\faculta\an3\pg\proiect\openglproj\openglproj\x64\release\main.obj
c:\users\olivi\onedrive\desktop\faculta\an3\pg\proiect\openglproj\openglproj\x64\release\camera.obj
c:\users\olivi\onedrive\desktop\faculta\an3\pg\proiect\openglproj\x64\release\openglproj.exe
c:\users\olivi\onedrive\desktop\faculta\an3\pg\proiect\openglproj\x64\release\openglproj.pdb
c:\users\olivi\onedrive\desktop\faculta\an3\pg\proiect\openglproj\x64\release\openglproj.ipdb
c:\users\olivi\onedrive\desktop\faculta\an3\pg\proiect\openglproj\x64\release\openglproj.iobj
c:\users\olivi\onedrive\desktop\faculta\an3\pg\proiect\openglproj\openglproj\x64\release\openglproj.tlog\cl.command.1.tlog
c:\users\olivi\onedrive\desktop\faculta\an3\pg\proiect\openglproj\openglproj\x64\release\openglproj.tlog\cl.read.1.tlog
c:\users\olivi\onedrive\desktop\faculta\an3\pg\proiect\openglproj\openglproj\x64\release\openglproj.tlog\cl.write.1.tlog
c:\users\olivi\onedrive\desktop\faculta\an3\pg\proiect\openglproj\openglproj\x64\release\openglproj.tlog\link.command.1.tlog
c:\users\olivi\onedrive\desktop\faculta\an3\pg\proiect\openglproj\openglproj\x64\release\openglproj.tlog\link.read.1.tlog
c:\users\olivi\onedrive\desktop\faculta\an3\pg\proiect\openglproj\openglproj\x64\release\openglproj.tlog\link.write.1.tlog
c:\users\olivi\onedrive\desktop\faculta\an3\pg\proiect\openglproj\openglproj\x64\release\openglproj.tlog\openglproj.write.1u.tlog
